<?xml version="1.0" encoding="UTF-8"?>
<testsuite name="tests.S_Registration_Form_tests" tests="1" skipped="0" failures="0" errors="0" timestamp="2021-05-20T06:39:18" hostname="DESKTOP-HD3DEEG" time="10.6">
  <properties/>
  <testcase name="success_ful_submit_registration_test()" classname="tests.S_Registration_Form_tests" time="10.6"/>
  <system-out><![CDATA[]]></system-out>
  <system-err><![CDATA[SLF4J: Failed to load class "org.slf4j.impl.StaticLoggerBinder".
SLF4J: Defaulting to no-operation (NOP) logger implementation
SLF4J: See http://www.slf4j.org/codes.html#StaticLoggerBinder for further details.
Starting ChromeDriver 90.0.4430.24 (4c6d850f087da467d926e8eddb76550aed655991-refs/branch-heads/4430@{#429}) on port 6183
Only local connections are allowed.
Please see https://chromedriver.chromium.org/security-considerations for suggestions on keeping ChromeDriver safe.
ChromeDriver was started successfully.
мая 20, 2021 11:39:23 AM org.openqa.selenium.remote.ProtocolHandshake createSession
INFO: Detected dialect: W3C
]]></system-err>
</testsuite>
